<?xml version="1.0" encoding="UTF-8"?>
<testng-results ignored="0" total="1" passed="1" failed="0" skipped="0">
  <reporter-output>
  </reporter-output>
  <suite started-at="2024-10-19T12:58:27Z" name="InetBankingV1" finished-at="2024-10-19T12:58:42Z" duration-ms="14772">
    <groups>
    </groups>
    <test started-at="2024-10-19T12:58:27Z" name="BankingApp Test" finished-at="2024-10-19T12:58:42Z" duration-ms="14772">
      <class name="com.inetbanking.testCases.TC_LoginTest_001">
        <test-method is-config="true" signature="setup(java.lang.String)[pri:0, instance:com.inetbanking.testCases.TC_LoginTest_001@6f27a732]" started-at="2024-10-19T12:58:28Z" name="setup" finished-at="2024-10-19T12:58:38Z" duration-ms="9871" status="PASS">
          <params>
            <param index="0">
              <value>
                <![CDATA[chrome]]>
              </value>
            </param>
          </params>
          <reporter-output>
          </reporter-output>
        </test-method> <!-- setup -->
        <test-method signature="loginTest()[pri:0, instance:com.inetbanking.testCases.TC_LoginTest_001@6f27a732]" started-at="2024-10-19T12:58:38Z" name="loginTest" finished-at="2024-10-19T12:58:41Z" duration-ms="3135" status="PASS">
          <reporter-output>
          </reporter-output>
        </test-method> <!-- loginTest -->
        <test-method is-config="true" signature="tearDown()[pri:0, instance:com.inetbanking.testCases.TC_LoginTest_001@6f27a732]" started-at="2024-10-19T12:58:41Z" name="tearDown" finished-at="2024-10-19T12:58:42Z" duration-ms="944" status="PASS">
          <reporter-output>
          </reporter-output>
        </test-method> <!-- tearDown -->
      </class> <!-- com.inetbanking.testCases.TC_LoginTest_001 -->
    </test> <!-- BankingApp Test -->
  </suite> <!-- InetBankingV1 -->
</testng-results>
